[INFO]10:51:33:444-caselog.py:51 >> Class Name:GetNotes
[INFO]10:51:33:446-caselog.py:52 >> Method Name:testCase_01
[INFO]10:51:33:448-caselog.py:53 >> Test Description:4.获取便签内容的主流程
[INFO]10:51:33:634-caselog.py:51 >> Class Name:GetNotes
[INFO]10:51:33:636-caselog.py:52 >> Method Name:testCase_02
[INFO]10:51:33:638-caselog.py:53 >> Test Description:4.获取便签内容的主流程,多便签
[STEP]10:51:33:640-test_getNote.py:54  >> STEP: 上传更新便签主体、内容
[INFO]13:45:47:756-caselog.py:51 >> Class Name:GetNotes
[INFO]13:45:47:758-caselog.py:52 >> Method Name:testCase_02
[INFO]13:45:47:760-caselog.py:53 >> Test Description:4.获取便签内容的主流程,多便签
[STEP]13:45:47:767-test_getNote.py:54  >> STEP: 上传更新便签主体、内容
[INFO]13:46:09:745-caselog.py:51 >> Class Name:GetNotes
[INFO]13:46:09:747-caselog.py:52 >> Method Name:testCase_02
[INFO]13:46:09:749-caselog.py:53 >> Test Description:4.获取便签内容的主流程,多便签
[STEP]13:46:09:750-test_getNote.py:54  >> STEP: 上传更新便签主体、内容
[INFO]13:46:52:353-caselog.py:51 >> Class Name:GetNotes
[INFO]13:46:52:355-caselog.py:52 >> Method Name:testCase_02
[INFO]13:46:52:356-caselog.py:53 >> Test Description:4.获取便签内容的主流程,多便签
[STEP]13:46:52:358-test_getNote.py:54  >> STEP: 上传更新便签主体、内容
[INFO]16:56:21:899-caselog.py:51 >> Class Name:GetNotes
[INFO]16:56:21:901-caselog.py:52 >> Method Name:testCase_01
[INFO]16:56:21:903-caselog.py:53 >> Test Description:4.获取便签内容的主流程
[INFO]16:56:22:127-caselog.py:51 >> Class Name:GetNotes
[INFO]16:56:22:129-caselog.py:52 >> Method Name:testCase_02
[INFO]16:56:22:130-caselog.py:53 >> Test Description:4.获取便签内容的主流程,多便签
[STEP]16:56:22:132-test_getNote.py:54  >> STEP: 上传更新便签主体、内容
[INFO]19:51:49:184-caselog.py:51 >> Class Name:GetNotes
[INFO]19:51:49:186-caselog.py:52 >> Method Name:testCase_01
[INFO]19:51:49:188-caselog.py:53 >> Test Description:4.获取便签内容的主流程
[INFO]19:51:49:424-caselog.py:51 >> Class Name:GetNotes
[INFO]19:51:49:426-caselog.py:52 >> Method Name:testCase_02
[INFO]19:51:49:428-caselog.py:53 >> Test Description:4.获取便签内容的主流程,多便签
[STEP]19:51:49:432-test_getNote.py:54  >> STEP: 上传更新便签主体、内容
[INFO]20:46:25:220-caselog.py:51 >> Class Name:GetNotes
[INFO]20:46:25:221-caselog.py:52 >> Method Name:testCase_02
[INFO]20:46:25:223-caselog.py:53 >> Test Description:4.获取便签内容的主流程,多便签
[STEP]20:46:25:225-test_getNote.py:54  >> STEP: 上传更新便签主体、内容
