[INFO]11:44:01:502-caselog.py:51 >> Class Name:GetNotePage
[INFO]11:44:01:506-caselog.py:52 >> Method Name:testCase01_major
[INFO]11:44:01:509-caselog.py:53 >> Test Description:1.获取首页便签的主流程
[INFO]13:48:17:763-caselog.py:51 >> Class Name:GetNotePage
[INFO]13:48:17:766-caselog.py:52 >> Method Name:testCase01_major
[INFO]13:48:17:769-caselog.py:53 >> Test Description:1.获取首页便签的主流程
[INFO]14:03:11:902-caselog.py:51 >> Class Name:GetNotePage
[INFO]14:03:11:905-caselog.py:52 >> Method Name:testCase01_major
[INFO]14:03:11:908-caselog.py:53 >> Test Description:1.获取首页便签的主流程
[INFO]14:04:17:361-caselog.py:51 >> Class Name:GetNotePage
[INFO]14:04:17:364-caselog.py:52 >> Method Name:testCase01_major
[INFO]14:04:17:367-caselog.py:53 >> Test Description:1.获取首页便签的主流程
[INFO]14:04:58:568-caselog.py:51 >> Class Name:GetNotePage
[INFO]14:04:58:571-caselog.py:52 >> Method Name:testCase01_major
[INFO]14:04:58:575-caselog.py:53 >> Test Description:1.获取首页便签的主流程
[INFO]14:09:03:500-caselog.py:51 >> Class Name:GetNotePage
[INFO]14:09:03:504-caselog.py:52 >> Method Name:testCase02_major
[INFO]14:09:03:507-caselog.py:53 >> Test Description:1.获取首页便签的主流程
[INFO]14:33:15:753-caselog.py:51 >> Class Name:GetNotePage
[INFO]14:33:15:756-caselog.py:52 >> Method Name:testCase02_major
[INFO]14:33:15:759-caselog.py:53 >> Test Description:必填项确缺失校验
[INFO]14:33:31:933-caselog.py:51 >> Class Name:GetNotePage
[INFO]14:33:31:936-caselog.py:52 >> Method Name:testCase02_major
[INFO]14:33:31:939-caselog.py:53 >> Test Description:必填项确缺失校验
[INFO]14:34:29:295-caselog.py:51 >> Class Name:GetNotePage
[INFO]14:34:29:297-caselog.py:52 >> Method Name:testCase02_major
[INFO]14:34:29:300-caselog.py:53 >> Test Description:必填项确缺失校验
[INFO]14:35:22:966-caselog.py:51 >> Class Name:GetNotePage
[INFO]14:35:22:969-caselog.py:52 >> Method Name:testCase01_major
[INFO]14:35:22:971-caselog.py:53 >> Test Description:1.获取首页便签的主流程
[INFO]14:35:23:155-caselog.py:51 >> Class Name:GetNotePage
[INFO]14:35:23:159-caselog.py:52 >> Method Name:testCase02_major
[INFO]14:35:23:163-caselog.py:53 >> Test Description:必填项确缺失校验
[INFO]15:11:10:691-caselog.py:51 >> Class Name:GetNotePage
[INFO]15:11:10:694-caselog.py:52 >> Method Name:testCase02_major
[INFO]15:11:10:697-caselog.py:53 >> Test Description:必填项确缺失校验
[INFO]15:12:18:552-caselog.py:51 >> Class Name:GetNotePage
[INFO]15:12:18:555-caselog.py:52 >> Method Name:testCase01_major
[INFO]15:12:18:558-caselog.py:53 >> Test Description:1.获取首页便签的主流程
[INFO]15:13:22:125-caselog.py:51 >> Class Name:GetNotePage
[INFO]15:13:22:129-caselog.py:52 >> Method Name:testCase02_major
[INFO]15:13:22:132-caselog.py:53 >> Test Description:必填项确缺失校验
[INFO]15:15:03:940-caselog.py:51 >> Class Name:GetNotePage
[INFO]15:15:03:944-caselog.py:52 >> Method Name:testCase01_major
[INFO]15:15:03:947-caselog.py:53 >> Test Description:1.获取首页便签的主流程
[INFO]15:20:40:389-caselog.py:51 >> Class Name:GetNotePage
[INFO]15:20:40:393-caselog.py:52 >> Method Name:testCase03_major
[INFO]15:20:40:396-caselog.py:53 >> Test Description:必填项确缺失校验
[INFO]15:21:00:446-caselog.py:51 >> Class Name:GetNotePage
[INFO]15:21:00:450-caselog.py:52 >> Method Name:testCase02_major
[INFO]15:21:00:453-caselog.py:53 >> Test Description:必填项确缺失校验
[INFO]15:21:34:806-caselog.py:51 >> Class Name:GetNotePage
[INFO]15:21:34:809-caselog.py:52 >> Method Name:testCase03_major
[INFO]15:21:34:813-caselog.py:53 >> Test Description:必填项确缺失校验
[INFO]15:24:37:883-caselog.py:51 >> Class Name:GetNotePage
[INFO]15:24:37:888-caselog.py:52 >> Method Name:testCase02_major
[INFO]15:24:37:891-caselog.py:53 >> Test Description:必填项确缺失校验
[INFO]15:38:47:319-caselog.py:51 >> Class Name:GetNotePage
[INFO]15:38:47:322-caselog.py:52 >> Method Name:testCase02_major
[INFO]15:38:47:326-caselog.py:53 >> Test Description:必填项确缺失校验
[INFO]16:03:50:586-caselog.py:51 >> Class Name:GetNotePage
[INFO]16:03:50:588-caselog.py:52 >> Method Name:testCase02_major
[INFO]16:03:50:592-caselog.py:53 >> Test Description:必填项确缺失校验
[INFO]16:04:11:892-caselog.py:51 >> Class Name:GetNotePage
[INFO]16:04:11:895-caselog.py:52 >> Method Name:testCase02_major
[INFO]16:04:11:899-caselog.py:53 >> Test Description:必填项确缺失校验
[INFO]16:04:20:281-caselog.py:51 >> Class Name:GetNotePage
[INFO]16:04:20:285-caselog.py:52 >> Method Name:testCase02_major
[INFO]16:04:20:289-caselog.py:53 >> Test Description:必填项确缺失校验
[INFO]16:05:15:030-caselog.py:51 >> Class Name:GetNotePage
[INFO]16:05:15:034-caselog.py:52 >> Method Name:testCase02_major
[INFO]16:05:15:037-caselog.py:53 >> Test Description:必填项确缺失校验
[INFO]16:05:23:196-caselog.py:51 >> Class Name:GetNotePage
[INFO]16:05:23:200-caselog.py:52 >> Method Name:testCase01_major
[INFO]16:05:23:203-caselog.py:53 >> Test Description:1.获取首页便签的主流程
[INFO]16:05:23:409-caselog.py:51 >> Class Name:GetNotePage
[INFO]16:05:23:413-caselog.py:52 >> Method Name:testCase02_major
[INFO]16:05:23:417-caselog.py:53 >> Test Description:必填项确缺失校验
[INFO]16:05:23:537-caselog.py:51 >> Class Name:GetNotePage
[INFO]16:05:23:541-caselog.py:52 >> Method Name:testCase03_major
[INFO]16:05:23:544-caselog.py:53 >> Test Description:必填项确缺失校验
[INFO]16:06:17:622-caselog.py:51 >> Class Name:GetNotePage
[INFO]16:06:17:625-caselog.py:52 >> Method Name:testCase01_major
[INFO]16:06:17:628-caselog.py:53 >> Test Description:1.获取首页便签的主流程
[INFO]16:06:17:823-caselog.py:51 >> Class Name:GetNotePage
[INFO]16:06:17:827-caselog.py:52 >> Method Name:testCase02_major
[INFO]16:06:17:830-caselog.py:53 >> Test Description:必填项确缺失校验
[INFO]16:06:17:935-caselog.py:51 >> Class Name:GetNotePage
[INFO]16:06:17:938-caselog.py:52 >> Method Name:testCase03_major
[INFO]16:06:17:941-caselog.py:53 >> Test Description:必填项确缺失校验
[INFO]17:29:28:151-caselog.py:51 >> Class Name:GetNotePage
[INFO]17:29:28:155-caselog.py:52 >> Method Name:testCase02_major
[INFO]17:29:28:160-caselog.py:53 >> Test Description:useid必填项确缺失校验
[INFO]17:29:51:425-caselog.py:51 >> Class Name:GetNotePage
[INFO]17:29:51:428-caselog.py:52 >> Method Name:testCase02_major
[INFO]17:29:51:431-caselog.py:53 >> Test Description:useid必填项确缺失校验
[INFO]20:58:16:211-caselog.py:51 >> Class Name:GetNotePage
[INFO]20:58:16:213-caselog.py:52 >> Method Name:testCase04_major
[INFO]20:58:16:216-caselog.py:53 >> Test Description:userid乱填校验
[INFO]20:59:33:709-caselog.py:51 >> Class Name:GetNotePage
[INFO]20:59:33:711-caselog.py:52 >> Method Name:testCase04_major
[INFO]20:59:33:713-caselog.py:53 >> Test Description:userid不存在乱填校验
[INFO]21:19:45:394-caselog.py:51 >> Class Name:GetNotePage
[INFO]21:19:45:398-caselog.py:52 >> Method Name:testCase01_major
[INFO]21:19:45:400-caselog.py:53 >> Test Description:1.获取首页便签的主流程
[INFO]21:20:28:164-caselog.py:51 >> Class Name:GetNotePage
[INFO]21:20:28:167-caselog.py:52 >> Method Name:testCase02_major
[INFO]21:20:28:169-caselog.py:53 >> Test Description:必填项确缺失校验
[INFO]21:26:58:664-caselog.py:51 >> Class Name:GetNotePage
[INFO]21:26:58:667-caselog.py:52 >> Method Name:testCase03_major
[INFO]21:26:58:669-caselog.py:53 >> Test Description:必填项确缺失校验
[INFO]21:27:13:839-caselog.py:51 >> Class Name:GetNotePage
[INFO]21:27:13:841-caselog.py:52 >> Method Name:testCase03_major
[INFO]21:27:13:843-caselog.py:53 >> Test Description:必填项确缺失校验
[INFO]21:27:28:056-caselog.py:51 >> Class Name:GetNotePage
[INFO]21:27:28:058-caselog.py:52 >> Method Name:testCase03_major
[INFO]21:27:28:060-caselog.py:53 >> Test Description:必填项确缺失校验
[INFO]21:29:06:240-caselog.py:51 >> Class Name:GetNotePage
[INFO]21:29:06:242-caselog.py:52 >> Method Name:testCase03_major
[INFO]21:29:06:244-caselog.py:53 >> Test Description:必填项确缺失校验
[INFO]21:50:31:519-caselog.py:51 >> Class Name:GetNotePage
[INFO]21:50:31:521-caselog.py:52 >> Method Name:testCase04_major
[INFO]21:50:31:523-caselog.py:53 >> Test Description:userid不存在乱填校验
