[INFO]13:53:46:639-caselog.py:51 >> Class Name:GetNotePage
[INFO]13:53:46:643-caselog.py:52 >> Method Name:testCase04_major
[INFO]13:53:46:646-caselog.py:53 >> Test Description:userid乱填校验
[INFO]13:53:56:721-caselog.py:51 >> Class Name:GetNotePage
[INFO]13:53:56:725-caselog.py:52 >> Method Name:testCase01_major
[INFO]13:53:56:729-caselog.py:53 >> Test Description:1.获取首页便签的主流程
[INFO]13:53:56:920-caselog.py:51 >> Class Name:GetNotePage
[INFO]13:53:56:931-caselog.py:52 >> Method Name:testCase02_major
[INFO]13:53:56:939-caselog.py:53 >> Test Description:useid必填项确缺失校验
[INFO]13:53:57:061-caselog.py:51 >> Class Name:GetNotePage
[INFO]13:53:57:065-caselog.py:52 >> Method Name:testCase03_major
[INFO]13:53:57:068-caselog.py:53 >> Test Description:必填项确缺失校验
[INFO]13:53:57:196-caselog.py:51 >> Class Name:GetNotePage
[INFO]13:53:57:201-caselog.py:52 >> Method Name:testCase04_major
[INFO]13:53:57:206-caselog.py:53 >> Test Description:userid乱填校验
[INFO]13:53:57:353-caselog.py:51 >> Class Name:GetNotePage
[INFO]13:53:57:361-caselog.py:52 >> Method Name:testCase05_major
[INFO]13:53:57:369-caselog.py:53 >> Test Description:userid不存在乱填校验
[INFO]14:05:12:894-caselog.py:51 >> Class Name:GetNotePage
[INFO]14:05:12:897-caselog.py:52 >> Method Name:testCase01_major
[INFO]14:05:12:900-caselog.py:53 >> Test Description:1.获取首页便签的主流程
[INFO]14:05:13:068-caselog.py:51 >> Class Name:GetNotePage
[INFO]14:05:13:072-caselog.py:52 >> Method Name:testCase02_major
[INFO]14:05:13:076-caselog.py:53 >> Test Description:useid必填项确缺失校验
[INFO]14:05:13:204-caselog.py:51 >> Class Name:GetNotePage
[INFO]14:05:13:207-caselog.py:52 >> Method Name:testCase03_major
[INFO]14:05:13:210-caselog.py:53 >> Test Description:必填项确缺失校验
[INFO]14:05:13:332-caselog.py:51 >> Class Name:GetNotePage
[INFO]14:05:13:338-caselog.py:52 >> Method Name:testCase04_major
[INFO]14:05:13:341-caselog.py:53 >> Test Description:userid乱填校验
[INFO]14:05:13:469-caselog.py:51 >> Class Name:GetNotePage
[INFO]14:05:13:476-caselog.py:52 >> Method Name:testCase05_major
[INFO]14:05:13:480-caselog.py:53 >> Test Description:userid不存在乱填校验
[INFO]21:50:55:791-caselog.py:51 >> Class Name:GetNotePage
[INFO]21:50:55:794-caselog.py:52 >> Method Name:testCase03_major
[INFO]21:50:55:796-caselog.py:53 >> Test Description:必填项确缺失校验
[INFO]21:52:33:199-caselog.py:51 >> Class Name:GetNotePage
[INFO]21:52:33:201-caselog.py:52 >> Method Name:testCase03_major
[INFO]21:52:33:203-caselog.py:53 >> Test Description:rows为字符串类型校验
[INFO]22:01:58:362-caselog.py:51 >> Class Name:GetNotePage
[INFO]22:01:58:362-caselog.py:52 >> Method Name:testCase06_major
[INFO]22:01:58:377-caselog.py:53 >> Test Description:startindex为！@#￥校验
[INFO]22:02:11:637-caselog.py:51 >> Class Name:GetNotePage
[INFO]22:02:11:639-caselog.py:52 >> Method Name:testCase06_major
[INFO]22:02:11:641-caselog.py:53 >> Test Description:startindex为！@#￥校验
[INFO]22:35:38:574-caselog.py:51 >> Class Name:GetNotePage
[INFO]22:35:38:576-caselog.py:52 >> Method Name:testCase02_major
[INFO]22:35:38:578-caselog.py:53 >> Test Description:startindex为字符串校验
[INFO]22:35:44:357-caselog.py:51 >> Class Name:GetNotePage
[INFO]22:35:44:359-caselog.py:52 >> Method Name:testCase03_major
[INFO]22:35:44:361-caselog.py:53 >> Test Description:startindex空校验
[INFO]22:36:01:534-caselog.py:51 >> Class Name:GetNotePage
[INFO]22:36:01:536-caselog.py:52 >> Method Name:testCase03_major
[INFO]22:36:01:539-caselog.py:53 >> Test Description:startindex空校验
[INFO]22:36:12:347-caselog.py:51 >> Class Name:GetNotePage
[INFO]22:36:12:349-caselog.py:52 >> Method Name:testCase04_major
[INFO]22:36:12:351-caselog.py:53 >> Test Description:startindex为空字符串类型校验
[INFO]22:36:20:556-caselog.py:51 >> Class Name:GetNotePage
[INFO]22:36:20:558-caselog.py:52 >> Method Name:testCase04_major
[INFO]22:36:20:560-caselog.py:53 >> Test Description:startindex为空字符串类型校验
[INFO]22:36:55:435-caselog.py:51 >> Class Name:GetNotePage
[INFO]22:36:55:437-caselog.py:52 >> Method Name:testCase06_major
[INFO]22:36:55:439-caselog.py:53 >> Test Description:startindex为！@#￥校验
[INFO]22:37:03:095-caselog.py:51 >> Class Name:GetNotePage
[INFO]22:37:03:096-caselog.py:52 >> Method Name:testCase06_major
[INFO]22:37:03:098-caselog.py:53 >> Test Description:startindex为！@#￥校验
[INFO]22:37:13:804-caselog.py:51 >> Class Name:GetNotePage
[INFO]22:37:13:805-caselog.py:52 >> Method Name:testCase06_major
[INFO]22:37:13:807-caselog.py:53 >> Test Description:startindex为！@#￥校验
[INFO]22:44:33:043-caselog.py:51 >> Class Name:GetNotePage
[INFO]22:44:33:045-caselog.py:52 >> Method Name:testCase06_major
[INFO]22:44:33:046-caselog.py:53 >> Test Description:startindex为！@#￥校验
[INFO]22:44:41:771-caselog.py:51 >> Class Name:GetNotePage
[INFO]22:44:41:773-caselog.py:52 >> Method Name:testCase07_major
[INFO]22:44:41:775-caselog.py:53 >> Test Description:startindex为！@#￥校验
[INFO]22:59:46:764-caselog.py:51 >> Class Name:GetNotePage
[INFO]22:59:46:767-caselog.py:52 >> Method Name:testCase14_major
[INFO]22:59:46:769-caselog.py:53 >> Test Description:rows为！@#￥校验
[INFO]22:59:56:829-caselog.py:51 >> Class Name:GetNotePage
[INFO]22:59:56:831-caselog.py:52 >> Method Name:testCase14_major
[INFO]22:59:56:833-caselog.py:53 >> Test Description:rows为！@#￥校验
[INFO]23:00:08:564-caselog.py:51 >> Class Name:GetNotePage
[INFO]23:00:08:567-caselog.py:52 >> Method Name:testCase13_major
[INFO]23:00:08:569-caselog.py:53 >> Test Description:rows过长校验
[INFO]23:00:15:022-caselog.py:51 >> Class Name:GetNotePage
[INFO]23:00:15:024-caselog.py:52 >> Method Name:testCase13_major
[INFO]23:00:15:026-caselog.py:53 >> Test Description:rows过长校验
